<?xml version="1.0" encoding="UTF-8"?>
<!-- Generated by org.testng.reporters.JUnitXMLReporter -->
<testsuite ignored="2" hostname="AQMIT-DSK-10113" failures="1" tests="5" name="Test" time="37.445" errors="0" timestamp="2022-08-30T17:59:17 IST">
  <testcase classname="selenium_practice1.BaseClass" name="login" time="3.253"/>
  <testcase classname="selenium_practice1.DataDrivenTesting" name="f" time="3.301"/>
  <testcase classname="selenium_practice1.DataDrivenTesting" name="f" time="1.843"/>
  <testcase classname="selenium_practice1.DataDrivenTesting" name="f" time="1.528"/>
  <testcase classname="selenium_practice1.BaseClass" name="login" time="0.051">
    <failure type="java.lang.NullPointerException" message="Cannot invoke &amp;quot;org.openqa.selenium.WebDriver.get(String)&amp;quot; because &amp;quot;this.driver&amp;quot; is null">
      <![CDATA[java.lang.NullPointerException: Cannot invoke "org.openqa.selenium.WebDriver.get(String)" because "this.driver" is null
at selenium_practice1.BaseClass.login(BaseClass.java:20)
at java.base/java.util.ArrayList.forEach(ArrayList.java:1511)
... Removed 25 stack frames]]>
    </failure>
  </testcase> <!-- login -->
  <testcase classname="selenium_practice1.BaseClass" name="@BeforeTest beforeTest" time="0.0">
    <ignored/>
  </testcase> <!-- @BeforeTest beforeTest -->
  <testcase classname="selenium_practice1.BaseClass" name="@AfterTest afterTest" time="0.0">
    <ignored/>
  </testcase> <!-- @AfterTest afterTest -->
</testsuite> <!-- Test -->
