<?xml version="1.0" encoding="UTF-8"?>
<!-- Generated by org.testng.reporters.JUnitXMLReporter -->
<testsuite ignored="0" hostname="AQMIT-DSK-10113" failures="0" tests="4" name="Default test" time="31.664" errors="0" timestamp="2022-09-02T12:57:00 IST">
  <testcase classname="selenium_practice1.BaseClass" name="login" time="1.274"/>
  <testcase classname="selenium_practice1.DataDrivenTesting" name="f" time="1.906"/>
  <testcase classname="selenium_practice1.DataDrivenTesting" name="f" time="1.286"/>
  <testcase classname="selenium_practice1.DataDrivenTesting" name="f" time="0.978"/>
</testsuite> <!-- Default test -->
