<?xml version="1.0" encoding="UTF-8"?>
<testng-results ignored="0" total="4" passed="4" failed="0" skipped="0">
  <reporter-output>
  </reporter-output>
  <suite started-at="2022-09-02T12:56:29 IST" name="Default suite" finished-at="2022-09-02T12:57:00 IST" duration-ms="31664">
    <groups>
    </groups>
    <test started-at="2022-09-02T12:56:29 IST" name="Default test" finished-at="2022-09-02T12:57:00 IST" duration-ms="31664">
      <class name="selenium_practice1.DataDrivenTesting">
        <test-method is-config="true" signature="beforeTestChrome()[pri:0, instance:selenium_practice1.DataDrivenTesting@2d52216b]" started-at="2022-09-02T12:56:29 IST" name="beforeTestChrome" finished-at="2022-09-02T12:56:51 IST" duration-ms="22152" status="PASS">
          <reporter-output>
          </reporter-output>
        </test-method> <!-- beforeTestChrome -->
        <test-method signature="login()[pri:0, instance:selenium_practice1.DataDrivenTesting@2d52216b]" started-at="2022-09-02T12:56:51 IST" name="login" finished-at="2022-09-02T12:56:52 IST" duration-ms="1274" status="PASS">
          <reporter-output>
          </reporter-output>
        </test-method> <!-- login -->
        <test-method signature="f(java.lang.String,java.lang.String)[pri:0, instance:selenium_practice1.DataDrivenTesting@2d52216b]" started-at="2022-09-02T12:56:52 IST" name="f" data-provider="dp" finished-at="2022-09-02T12:56:54 IST" duration-ms="1906" status="PASS">
          <params>
            <param index="0">
              <value>
                <![CDATA[admin]]>
              </value>
            </param>
            <param index="1">
              <value>
                <![CDATA[admin0101]]>
              </value>
            </param>
          </params>
          <reporter-output>
          </reporter-output>
        </test-method> <!-- f -->
        <test-method signature="f(java.lang.String,java.lang.String)[pri:0, instance:selenium_practice1.DataDrivenTesting@2d52216b]" started-at="2022-09-02T12:56:54 IST" name="f" data-provider="dp" finished-at="2022-09-02T12:56:55 IST" duration-ms="1286" status="PASS">
          <params>
            <param index="0">
              <value>
                <![CDATA[user]]>
              </value>
            </param>
            <param index="1">
              <value>
                <![CDATA[user123]]>
              </value>
            </param>
          </params>
          <reporter-output>
          </reporter-output>
        </test-method> <!-- f -->
        <test-method signature="f(java.lang.String,java.lang.String)[pri:0, instance:selenium_practice1.DataDrivenTesting@2d52216b]" started-at="2022-09-02T12:56:55 IST" name="f" data-provider="dp" finished-at="2022-09-02T12:56:56 IST" duration-ms="978" status="PASS">
          <params>
            <param index="0">
              <value>
                <![CDATA[admin1]]>
              </value>
            </param>
            <param index="1">
              <value>
                <![CDATA[admin@12345]]>
              </value>
            </param>
          </params>
          <reporter-output>
          </reporter-output>
        </test-method> <!-- f -->
        <test-method is-config="true" signature="afterTest()[pri:0, instance:selenium_practice1.DataDrivenTesting@2d52216b]" started-at="2022-09-02T12:56:56 IST" name="afterTest" finished-at="2022-09-02T12:57:00 IST" duration-ms="3881" status="PASS">
          <reporter-output>
          </reporter-output>
        </test-method> <!-- afterTest -->
      </class> <!-- selenium_practice1.DataDrivenTesting -->
    </test> <!-- Default test -->
  </suite> <!-- Default suite -->
</testng-results>
